<?xml version="1.0" encoding="UTF-8"?>
<!-- Generated by org.testng.reporters.JUnitReportReporter -->
<testsuite hostname="LAPTOP-FQ7T3ESB" failures="0" tests="1" name="Customer.TC01_Add_Skills" time="20.756" errors="0" timestamp="2021-10-20T20:18:47 IST" skipped="0">
  <testcase classname="Customer.TC01_Add_Skills" name="AddSkillsTest" time="20.756"/>
  <system-out/>
</testsuite> <!-- Customer.TC01_Add_Skills -->
