<?xml version="1.0" encoding="UTF-8"?>
<!-- Generated by org.testng.reporters.JUnitReportReporter -->
<testsuite hostname="LAPTOP-FQ7T3ESB" failures="0" tests="1" name="Day_001_Demo.TC01_Login" time="11.600" errors="0" timestamp="2021-10-11T14:53:23 IST" skipped="0">
  <testcase classname="Day_001_Demo.TC01_Login" name="login_test" time="11.600"/>
  <system-out/>
</testsuite> <!-- Day_001_Demo.TC01_Login -->
