<?xml version="1.0" encoding="UTF-8"?>
<!-- Generated by org.testng.reporters.JUnitReportReporter -->
<testsuite hostname="LAPTOP-FQ7T3ESB" failures="0" tests="1" name="ABC_Demo2.NewTest2" time="16.132" errors="0" timestamp="2021-10-20T20:04:28 IST" skipped="0">
  <testcase classname="ABC_Demo2.NewTest2" name="test1" time="16.132"/>
  <system-out/>
</testsuite> <!-- ABC_Demo2.NewTest2 -->
